<?xml version="1.0" encoding="UTF-8"?>
<!-- Generated by org.testng.reporters.JUnitXMLReporter -->
<testsuite hostname="yahya" ignored="0" name="Command line test" tests="45" failures="2" timestamp="2023-06-10T13:42:47 CDT" time="523.57" errors="0">
  <testcase name="validateNavigation" time="13.827" classname="scripts._01_GoogleTest"/>
  <testcase name="validateSearchButton" time="0.139" classname="scripts._01_GoogleTest"/>
  <testcase name="validateTitleAndURL" time="0.035" classname="scripts._01_GoogleTest"/>
  <testcase name="ValidateSearchBar" time="0.063" classname="scripts._01_GoogleTest"/>
  <testcase name="validateTitleAndURL" time="0.015" classname="scripts._02_AppleTest"/>
  <testcase name="ValidateAllParagraph" time="0.25" classname="scripts._03_TGLocatorsTest"/>
  <testcase name="validateAllLinks" time="0.232" classname="scripts._03_TGLocatorsTest"/>
  <testcase name="validateGrapesParagraph" time="0.08" classname="scripts._03_TGLocatorsTest"/>
  <testcase name="validateKiwiParagraph" time="0.08" classname="scripts._03_TGLocatorsTest"/>
  <testcase name="validateOrangeParagraph" time="0.169" classname="scripts._03_TGLocatorsTest"/>
  <testcase name="validateRedAppleLink" time="0.1" classname="scripts._03_TGLocatorsTest"/>
  <testcase name="ValidateAutomationTools" time="0.167" classname="scripts._04_TGLocatorsTest"/>
  <testcase name="validateLanguages" time="0.142" classname="scripts._04_TGLocatorsTest"/>
  <testcase name="validateListHeaders" time="0.107" classname="scripts._04_TGLocatorsTest"/>
  <testcase name="validateTheHeader" time="0.069" classname="scripts._04_TGLocatorsTest"/>
  <testcase name="validateFacebookInvalidLoginAttempt" time="1.091" classname="scripts._05_FacebookTest"/>
  <testcase name="validateFacebookLoginForm" time="0.61" classname="scripts._05_FacebookTest"/>
  <testcase name="validateWikiSearch" time="0.79" classname="scripts._06_WikiTest"/>
  <testcase name="validateDynamicElementBox" time="0.105" classname="scripts._07_TGDynamicElementsTest"/>
  <testcase name="validateDynamicElementBox1" time="0.073" classname="scripts._07_TGDynamicElementsTest"/>
  <testcase name="validateDynamicElementBox2" time="0.06" classname="scripts._07_TGDynamicElementsTest"/>
  <testcase name="RedBox" time="10.152" classname="scripts._08_TGWaitTest"/>
  <testcase name="waitForBlueBox" time="30.166" classname="scripts._08_TGWaitTest">
    <failure type="org.openqa.selenium.NoSuchElementException" message="no such element: Unable to locate element: {&amp;quot;method&amp;quot;:&amp;quot;css selector&amp;quot;,&amp;quot;selector&amp;quot;:&amp;quot;button[class*=&amp;apos;blue_box&amp;apos;]&amp;quot;}
  (Session info: chrome=114.0.5735.110)
For documentation on this error, please visit: https://www.seleniumhq.org/exceptions/no_such_element.html
Build info: version: &amp;apos;3.141.59&amp;apos;, revision: &amp;apos;e82be7d358&amp;apos;, time: &amp;apos;2018-11-14T08:17:03&amp;apos;
System info: host: &amp;apos;YAHYA&amp;apos;, ip: &amp;apos;192.168.1.140&amp;apos;, os.name: &amp;apos;Windows 11&amp;apos;, os.arch: &amp;apos;amd64&amp;apos;, os.version: &amp;apos;10.0&amp;apos;, java.version: &amp;apos;1.8.0_361&amp;apos;
Driver info: org.openqa.selenium.chrome.ChromeDriver
Capabilities {acceptInsecureCerts: false, browserName: chrome, browserVersion: 114.0.5735.110, chrome: {chromedriverVersion: 114.0.5735.90 (386bc09e8f4f..., userDataDir: C:\Users\yahya\AppData\Loca...}, goog:chromeOptions: {debuggerAddress: localhost:58828}, javascriptEnabled: true, networkConnectionEnabled: false, pageLoadStrategy: normal, platform: WINDOWS, platformName: WINDOWS, proxy: Proxy(), setWindowRect: true, strictFileInteractability: false, timeouts: {implicit: 0, pageLoad: 300000, script: 30000}, unhandledPromptBehavior: dismiss and notify, webauthn:extension:credBlob: true, webauthn:extension:largeBlob: true, webauthn:extension:minPinLength: true, webauthn:extension:prf: true, webauthn:virtualAuthenticators: true}
Session ID: 1fa917b078c33e042d364bc9817c4311
*** Element info: {Using=css selector, value=button[class*=&amp;apos;blue_box&amp;apos;]}">
      <![CDATA[org.openqa.selenium.NoSuchElementException: no such element: Unable to locate element: {"method":"css selector","selector":"button[class*='blue_box']"}
  (Session info: chrome=114.0.5735.110)
For documentation on this error, please visit: https://www.seleniumhq.org/exceptions/no_such_element.html
Build info: version: '3.141.59', revision: 'e82be7d358', time: '2018-11-14T08:17:03'
System info: host: 'YAHYA', ip: '192.168.1.140', os.name: 'Windows 11', os.arch: 'amd64', os.version: '10.0', java.version: '1.8.0_361'
Driver info: org.openqa.selenium.chrome.ChromeDriver
Capabilities {acceptInsecureCerts: false, browserName: chrome, browserVersion: 114.0.5735.110, chrome: {chromedriverVersion: 114.0.5735.90 (386bc09e8f4f..., userDataDir: C:\Users\yahya\AppData\Loca...}, goog:chromeOptions: {debuggerAddress: localhost:58828}, javascriptEnabled: true, networkConnectionEnabled: false, pageLoadStrategy: normal, platform: WINDOWS, platformName: WINDOWS, proxy: Proxy(), setWindowRect: true, strictFileInteractability: false, timeouts: {implicit: 0, pageLoad: 300000, script: 30000}, unhandledPromptBehavior: dismiss and notify, webauthn:extension:credBlob: true, webauthn:extension:largeBlob: true, webauthn:extension:minPinLength: true, webauthn:extension:prf: true, webauthn:virtualAuthenticators: true}
Session ID: 1fa917b078c33e042d364bc9817c4311
*** Element info: {Using=css selector, value=button[class*='blue_box']}
at org.openqa.selenium.remote.http.W3CHttpResponseCodec.createException(W3CHttpResponseCodec.java:187)
at org.openqa.selenium.remote.http.W3CHttpResponseCodec.decode(W3CHttpResponseCodec.java:122)
at org.openqa.selenium.remote.http.W3CHttpResponseCodec.decode(W3CHttpResponseCodec.java:49)
at org.openqa.selenium.remote.HttpCommandExecutor.execute(HttpCommandExecutor.java:158)
at org.openqa.selenium.remote.service.DriverCommandExecutor.execute(DriverCommandExecutor.java:83)
at org.openqa.selenium.remote.RemoteWebDriver.execute(RemoteWebDriver.java:552)
at org.openqa.selenium.remote.RemoteWebDriver.findElement(RemoteWebDriver.java:323)
at org.openqa.selenium.remote.RemoteWebDriver.findElementByCssSelector(RemoteWebDriver.java:420)
at org.openqa.selenium.By$ByCssSelector.findElement(By.java:431)
at org.openqa.selenium.remote.RemoteWebDriver.findElement(RemoteWebDriver.java:315)
at scripts._08_TGWaitTest.waitForBlueBox(_08_TGWaitTest.java:37)
at java.util.ArrayList.forEach(ArrayList.java:1259)
... Removed 41 stack frames]]>
    </failure>
  </testcase> <!-- waitForBlueBox -->
  <testcase name="checkBoxes" time="0.291" classname="scripts._09_TGCheckboxTest"/>
  <testcase name="checkBoxes2" time="0.3" classname="scripts._09_TGCheckboxTest"/>
  <testcase name="Radioinput" time="0.395" classname="scripts._10_TGRadioButtonTest"/>
  <testcase name="radioInput2" time="0.394" classname="scripts._10_TGRadioButtonTest"/>
  <testcase name="productColorTest" time="0.204" classname="scripts._11_TGDropdownsTest"/>
  <testcase name="productDeliveryTest" time="30.149" classname="scripts._11_TGDropdownsTest"/>
  <testcase name="productDropDownTest" time="0.112" classname="scripts._11_TGDropdownsTest"/>
  <testcase name="validateResult" time="0.541" classname="scripts._11_TGDropdownsTest"/>
  <testcase name="validateAlert" time="0.376" classname="scripts._12_TGAlertsTest"/>
  <testcase name="validateConfirmationAlert" time="0.236" classname="scripts._12_TGAlertsTest"/>
  <testcase name="warningAlerts" time="0.17" classname="scripts._12_TGAlertsTest"/>
  <testcase name="validateTheParagraph" time="0.505" classname="scripts._13_IFrameTest"/>
  <testcase name="validateTheFormSubmission" time="0.873" classname="scripts._13_IFrameTest"/>
  <testcase name="validateTheAppleNavigation" time="2.221" classname="scripts._14_MultipleWindowsTest"/>
  <testcase name="validateTheMicrosoftNavigation" time="12.441" classname="scripts._14_MultipleWindowsTest"/>
  <testcase name="validateTheTeslaNavigation" time="2.736" classname="scripts._14_MultipleWindowsTest"/>
  <testcase name="validateTheLinkURLs" time="13.613" classname="scripts._14_MultipleWindowsTest"/>
  <testcase name="keyBoardActions" time="0.521" classname="scripts._19_TGActionsTest"/>
  <testcase name="keyBoardActions2" time="0.449" classname="scripts._19_TGActionsTest"/>
  <testcase name="mouseActions" time="0.033" classname="scripts._19_TGActionsTest">
    <failure type="org.openqa.selenium.InvalidSelectorException" message="invalid selector: An invalid or illegal selector was specified
  (Session info: chrome=114.0.5735.110)
For documentation on this error, please visit: https://www.seleniumhq.org/exceptions/invalid_selector_exception.html
Build info: version: &amp;apos;3.141.59&amp;apos;, revision: &amp;apos;e82be7d358&amp;apos;, time: &amp;apos;2018-11-14T08:17:03&amp;apos;
System info: host: &amp;apos;YAHYA&amp;apos;, ip: &amp;apos;192.168.1.140&amp;apos;, os.name: &amp;apos;Windows 11&amp;apos;, os.arch: &amp;apos;amd64&amp;apos;, os.version: &amp;apos;10.0&amp;apos;, java.version: &amp;apos;1.8.0_361&amp;apos;
Driver info: org.openqa.selenium.chrome.ChromeDriver
Capabilities {acceptInsecureCerts: false, browserName: chrome, browserVersion: 114.0.5735.110, chrome: {chromedriverVersion: 114.0.5735.90 (386bc09e8f4f..., userDataDir: C:\Users\yahya\AppData\Loca...}, goog:chromeOptions: {debuggerAddress: localhost:59367}, javascriptEnabled: true, networkConnectionEnabled: false, pageLoadStrategy: normal, platform: WINDOWS, platformName: WINDOWS, proxy: Proxy(), setWindowRect: true, strictFileInteractability: false, timeouts: {implicit: 0, pageLoad: 300000, script: 30000}, unhandledPromptBehavior: dismiss and notify, webauthn:extension:credBlob: true, webauthn:extension:largeBlob: true, webauthn:extension:minPinLength: true, webauthn:extension:prf: true, webauthn:virtualAuthenticators: true}
Session ID: e37aff1cc283b623292b470f662ccb81
*** Element info: {Using=id, value=}">
      <![CDATA[org.openqa.selenium.InvalidSelectorException: invalid selector: An invalid or illegal selector was specified
  (Session info: chrome=114.0.5735.110)
For documentation on this error, please visit: https://www.seleniumhq.org/exceptions/invalid_selector_exception.html
Build info: version: '3.141.59', revision: 'e82be7d358', time: '2018-11-14T08:17:03'
System info: host: 'YAHYA', ip: '192.168.1.140', os.name: 'Windows 11', os.arch: 'amd64', os.version: '10.0', java.version: '1.8.0_361'
Driver info: org.openqa.selenium.chrome.ChromeDriver
Capabilities {acceptInsecureCerts: false, browserName: chrome, browserVersion: 114.0.5735.110, chrome: {chromedriverVersion: 114.0.5735.90 (386bc09e8f4f..., userDataDir: C:\Users\yahya\AppData\Loca...}, goog:chromeOptions: {debuggerAddress: localhost:59367}, javascriptEnabled: true, networkConnectionEnabled: false, pageLoadStrategy: normal, platform: WINDOWS, platformName: WINDOWS, proxy: Proxy(), setWindowRect: true, strictFileInteractability: false, timeouts: {implicit: 0, pageLoad: 300000, script: 30000}, unhandledPromptBehavior: dismiss and notify, webauthn:extension:credBlob: true, webauthn:extension:largeBlob: true, webauthn:extension:minPinLength: true, webauthn:extension:prf: true, webauthn:virtualAuthenticators: true}
Session ID: e37aff1cc283b623292b470f662ccb81
*** Element info: {Using=id, value=}
at org.openqa.selenium.remote.http.W3CHttpResponseCodec.createException(W3CHttpResponseCodec.java:187)
at org.openqa.selenium.remote.http.W3CHttpResponseCodec.decode(W3CHttpResponseCodec.java:122)
at org.openqa.selenium.remote.http.W3CHttpResponseCodec.decode(W3CHttpResponseCodec.java:49)
at org.openqa.selenium.remote.HttpCommandExecutor.execute(HttpCommandExecutor.java:158)
at org.openqa.selenium.remote.service.DriverCommandExecutor.execute(DriverCommandExecutor.java:83)
at org.openqa.selenium.remote.RemoteWebDriver.execute(RemoteWebDriver.java:552)
at org.openqa.selenium.remote.RemoteWebDriver.findElement(RemoteWebDriver.java:323)
at org.openqa.selenium.remote.RemoteWebDriver.findElementById(RemoteWebDriver.java:372)
at org.openqa.selenium.By$ById.findElement(By.java:188)
at org.openqa.selenium.remote.RemoteWebDriver.findElement(RemoteWebDriver.java:315)
at scripts._19_TGActionsTest.mouseActions(_19_TGActionsTest.java:30)
at java.util.ArrayList.forEach(ArrayList.java:1259)
... Removed 41 stack frames]]>
    </failure>
  </testcase> <!-- mouseActions -->
  <testcase name="mouseActions2" time="0.698" classname="scripts._19_TGActionsTest"/>
  <testcase name="validateDragMe" time="203.499" classname="scripts._19_TGActionsTest"/>
</testsuite> <!-- Command line test -->
